0 info it worked if it ends with ok
1 verbose cli [ 'C:\\xampp\\Dropbox\\htdocs\\school\\nodejs\\Passport-Auth\\node.exe',
1 verbose cli   'C:\\xampp\\Dropbox\\htdocs\\school\\nodejs\\Passport-Auth\\node_modules\\npm\\bin\\npm-cli.js',
1 verbose cli   'run',
1 verbose cli   'passport' ]
2 info using npm@2.14.20
3 info using node@v4.4.0
4 verbose stack Error: missing script: passport
4 verbose stack     at run (C:\xampp\Dropbox\htdocs\school\nodejs\Passport-Auth\node_modules\npm\lib\run-script.js:142:19)
4 verbose stack     at C:\xampp\Dropbox\htdocs\school\nodejs\Passport-Auth\node_modules\npm\lib\run-script.js:58:5
4 verbose stack     at C:\xampp\Dropbox\htdocs\school\nodejs\Passport-Auth\node_modules\npm\node_modules\read-package-json\read-json.js:345:5
4 verbose stack     at checkBinReferences_ (C:\xampp\Dropbox\htdocs\school\nodejs\Passport-Auth\node_modules\npm\node_modules\read-package-json\read-json.js:309:45)
4 verbose stack     at final (C:\xampp\Dropbox\htdocs\school\nodejs\Passport-Auth\node_modules\npm\node_modules\read-package-json\read-json.js:343:3)
4 verbose stack     at then (C:\xampp\Dropbox\htdocs\school\nodejs\Passport-Auth\node_modules\npm\node_modules\read-package-json\read-json.js:113:5)
4 verbose stack     at C:\xampp\Dropbox\htdocs\school\nodejs\Passport-Auth\node_modules\npm\node_modules\read-package-json\read-json.js:300:12
4 verbose stack     at C:\xampp\Dropbox\htdocs\school\nodejs\Passport-Auth\node_modules\npm\node_modules\graceful-fs\graceful-fs.js:78:16
4 verbose stack     at FSReqWrap.readFileAfterClose [as oncomplete] (fs.js:380:3)
5 verbose cwd C:\xampp\Dropbox\htdocs\school\nodejs\Passport-Auth
6 error Windows_NT 6.1.7601
7 error argv "C:\\xampp\\Dropbox\\htdocs\\school\\nodejs\\Passport-Auth\\node.exe" "C:\\xampp\\Dropbox\\htdocs\\school\\nodejs\\Passport-Auth\\node_modules\\npm\\bin\\npm-cli.js" "run" "passport"
8 error node v4.4.0
9 error npm  v2.14.20
10 error missing script: passport
11 error If you need help, you may report this error at:
11 error     <https://github.com/npm/npm/issues>
12 verbose exit [ 1, true ]
